<?xml version="1.0" encoding="UTF-8" ?>
<testsuite tests="4" failures="2" name="framework.CucumberTest" time="72.927" errors="0" skipped="0">
  <properties>
[...]
</properties>
  <testcase classname="Client sign up" name="client sign up successfully" time="22.785"/>
  <testcase classname="Client sign up" name="client sign up failed" time="16.977">
    <failure message="expected:&lt;[fals]e&gt; but was:&lt;[tru]e&gt;" type="org.junit.ComparisonFailure">org.junit.ComparisonFailure: expected:&lt;[fals]e&gt; but was:&lt;[tru]e&gt;
	at java.base/jdk.internal.reflect.NativeConstructorAccessorImpl.newInstance0(Native Method)
	at java.base/jdk.internal.reflect.NativeConstructorAccessorImpl.newInstance(NativeConstructorAccessorImpl.java:62)
	at java.base/jdk.internal.reflect.DelegatingConstructorAccessorImpl.newInstance(DelegatingConstructorAccessorImpl.java:45)
	at framework.stepdefinitions.SignUpStepDefs.he_should_be_told_that_the_account_was_not_created(SignUpStepDefs.java:58)
	at ✽.he should be told that the account was not created(file:///home/jamembrive/IdeaProjects/Framework-con-Selenium-Spring-y-Cucumber/src/test/resources/features/signup.feature:13)
</failure>
    <system-out>
Scenario: client sign up failed                           &amp;#27;[90m# src/test/resources/features/signup.feature:10&amp;#27;[0m
  &amp;#27;[32mGiven &amp;#27;[0m&amp;#27;[32mJose wants to have an account&amp;#27;[0m                     &amp;#27;[90m# framework.stepdefinitions.SignUpStepDefs.jose_wants_to_have_an_account()&amp;#27;[0m
  &amp;#27;[32mWhen &amp;#27;[0m&amp;#27;[32mhe sends required information to get the account&amp;#27;[0m   &amp;#27;[90m# framework.stepdefinitions.SignUpStepDefs.he_sends_required_information_to_get_the_account()&amp;#27;[0m
  &amp;#27;[31mThen &amp;#27;[0m&amp;#27;[31mhe should be told that the account was not created&amp;#27;[0m &amp;#27;[90m# framework.stepdefinitions.SignUpStepDefs.he_should_be_told_that_the_account_was_not_created()&amp;#27;[0m
      &amp;#27;[31morg.junit.ComparisonFailure: expected:&lt;[fals]e&gt; but was:&lt;[tru]e&gt;
	at java.base/jdk.internal.reflect.NativeConstructorAccessorImpl.newInstance0(Native Method)
	at java.base/jdk.internal.reflect.NativeConstructorAccessorImpl.newInstance(NativeConstructorAccessorImpl.java:62)
	at java.base/jdk.internal.reflect.DelegatingConstructorAccessorImpl.newInstance(DelegatingConstructorAccessorImpl.java:45)
	at framework.stepdefinitions.SignUpStepDefs.he_should_be_told_that_the_account_was_not_created(SignUpStepDefs.java:58)
	at ✽.he should be told that the account was not created(file:///home/jamembrive/IdeaProjects/Framework-con-Selenium-Spring-y-Cucumber/src/test/resources/features/signup.feature:13)
&amp;#27;[0m

    Embedding 3dc806c5-29f8-4e40-8254-bc2e08aa3a88 [image/png 76098 bytes]

</system-out>
    <system-err>may. 21, 2021 1:20:10 P. M. org.springframework.test.context.support.DefaultTestContextBootstrapper getDefaultTestExecutionListenerClassNames
INFORMACIÓN: Loaded default TestExecutionListener class names from location [META-INF/spring.factories]: [org.springframework.test.context.web.ServletTestExecutionListener, org.springframework.test.context.support.DirtiesContextBeforeModesTestExecutionListener, org.springframework.test.context.support.DependencyInjectionTestExecutionListener, org.springframework.test.context.support.DirtiesContextTestExecutionListener, org.springframework.test.context.transaction.TransactionalTestExecutionListener, org.springframework.test.context.jdbc.SqlScriptsTestExecutionListener]
may. 21, 2021 1:20:10 P. M. org.springframework.test.context.support.DefaultTestContextBootstrapper getTestExecutionListeners
INFORMACIÓN: Using TestExecutionListeners: [org.springframework.test.context.support.DirtiesContextBeforeModesTestExecutionListener@6d5c2745, org.springframework.test.context.support.DependencyInjectionTestExecutionListener@44b29496, org.springframework.test.context.support.DirtiesContextTestExecutionListener@1947596f]
may. 21, 2021 1:20:10 P. M. org.springframework.beans.factory.support.DefaultListableBeanFactory registerScope
INFORMACIÓN: Replacing scope &apos;cucumber-glue&apos; from [io.cucumber.spring.GlueCodeScope@f6de586] to [io.cucumber.spring.GlueCodeScope@5f2bd6d9]
</system-err>
  </testcase>
  <testcase classname="Client sign up" name="client sign up successfully 2" time="16.543"/>
  <testcase classname="Client sign up" name="client sign up failed 2" time="16.622">
    <failure message="expected:&lt;[fals]e&gt; but was:&lt;[tru]e&gt;" type="org.junit.ComparisonFailure">org.junit.ComparisonFailure: expected:&lt;[fals]e&gt; but was:&lt;[tru]e&gt;
	at java.base/jdk.internal.reflect.NativeConstructorAccessorImpl.newInstance0(Native Method)
	at java.base/jdk.internal.reflect.NativeConstructorAccessorImpl.newInstance(NativeConstructorAccessorImpl.java:62)
	at java.base/jdk.internal.reflect.DelegatingConstructorAccessorImpl.newInstance(DelegatingConstructorAccessorImpl.java:45)
	at framework.stepdefinitions.SignUpStepDefs.he_should_be_told_that_the_account_was_not_created(SignUpStepDefs.java:58)
	at ✽.he should be told that the account was not created(file:///home/jamembrive/IdeaProjects/Framework-con-Selenium-Spring-y-Cucumber/src/test/resources/features/signup.feature:24)
</failure>
    <system-out>
Scenario: client sign up failed 2                         &amp;#27;[90m# src/test/resources/features/signup.feature:21&amp;#27;[0m
  &amp;#27;[32mGiven &amp;#27;[0m&amp;#27;[32mJose wants to have an account&amp;#27;[0m                     &amp;#27;[90m# framework.stepdefinitions.SignUpStepDefs.jose_wants_to_have_an_account()&amp;#27;[0m
  &amp;#27;[32mWhen &amp;#27;[0m&amp;#27;[32mhe sends required information to get the account&amp;#27;[0m   &amp;#27;[90m# framework.stepdefinitions.SignUpStepDefs.he_sends_required_information_to_get_the_account()&amp;#27;[0m
  &amp;#27;[31mThen &amp;#27;[0m&amp;#27;[31mhe should be told that the account was not created&amp;#27;[0m &amp;#27;[90m# framework.stepdefinitions.SignUpStepDefs.he_should_be_told_that_the_account_was_not_created()&amp;#27;[0m
      &amp;#27;[31morg.junit.ComparisonFailure: expected:&lt;[fals]e&gt; but was:&lt;[tru]e&gt;
	at java.base/jdk.internal.reflect.NativeConstructorAccessorImpl.newInstance0(Native Method)
	at java.base/jdk.internal.reflect.NativeConstructorAccessorImpl.newInstance(NativeConstructorAccessorImpl.java:62)
	at java.base/jdk.internal.reflect.DelegatingConstructorAccessorImpl.newInstance(DelegatingConstructorAccessorImpl.java:45)
	at framework.stepdefinitions.SignUpStepDefs.he_should_be_told_that_the_account_was_not_created(SignUpStepDefs.java:58)
	at ✽.he should be told that the account was not created(file:///home/jamembrive/IdeaProjects/Framework-con-Selenium-Spring-y-Cucumber/src/test/resources/features/signup.feature:24)
&amp;#27;[0m

    Embedding 6a6a9743-0530-43c1-882a-ff87fd6178e0 [image/png 76016 bytes]

</system-out>
    <system-err>may. 21, 2021 1:20:44 P. M. org.springframework.test.context.support.DefaultTestContextBootstrapper getDefaultTestExecutionListenerClassNames
INFORMACIÓN: Loaded default TestExecutionListener class names from location [META-INF/spring.factories]: [org.springframework.test.context.web.ServletTestExecutionListener, org.springframework.test.context.support.DirtiesContextBeforeModesTestExecutionListener, org.springframework.test.context.support.DependencyInjectionTestExecutionListener, org.springframework.test.context.support.DirtiesContextTestExecutionListener, org.springframework.test.context.transaction.TransactionalTestExecutionListener, org.springframework.test.context.jdbc.SqlScriptsTestExecutionListener]
may. 21, 2021 1:20:44 P. M. org.springframework.test.context.support.DefaultTestContextBootstrapper getTestExecutionListeners
INFORMACIÓN: Using TestExecutionListeners: [org.springframework.test.context.support.DirtiesContextBeforeModesTestExecutionListener@ae73c80, org.springframework.test.context.support.DependencyInjectionTestExecutionListener@22f4f8f2, org.springframework.test.context.support.DirtiesContextTestExecutionListener@bbd4791]
may. 21, 2021 1:20:44 P. M. org.springframework.beans.factory.support.DefaultListableBeanFactory registerScope
INFORMACIÓN: Replacing scope &apos;cucumber-glue&apos; from [io.cucumber.spring.GlueCodeScope@630b6190] to [io.cucumber.spring.GlueCodeScope@73971965]
</system-err>
  </testcase>
</testsuite>