<?xml version="1.0" encoding="UTF-8" ?>
<testsuite tests="2" failures="1" name="framework.CucumberTest" time="31.339" errors="0" skipped="0">
  <properties>
[...]
</properties>
  <testcase classname="Client sign up" name="client sign up successfully" time="18.636"/>
  <testcase classname="Client sign up" name="client sign up failed" time="12.703">
    <failure message="expected:&lt;[fals]e&gt; but was:&lt;[tru]e&gt;" type="org.junit.ComparisonFailure">org.junit.ComparisonFailure: expected:&lt;[fals]e&gt; but was:&lt;[tru]e&gt;
	at sun.reflect.NativeConstructorAccessorImpl.newInstance0(Native Method)
	at sun.reflect.NativeConstructorAccessorImpl.newInstance(NativeConstructorAccessorImpl.java:62)
	at sun.reflect.DelegatingConstructorAccessorImpl.newInstance(DelegatingConstructorAccessorImpl.java:45)
	at framework.stepdefinitions.SignUpStepDefs.he_should_be_told_that_the_account_was_not_created(SignUpStepDefs.java:57)
	at ✽.he should be told that the account was not created(file:///C:/Users/membr/IdeaProjects/selenium-Framework/src/test/resources/features/signup.feature:12)
</failure>
    <system-out>
Scenario: client sign up failed                           &amp;#27;[90m# src/test/resources/features/signup.feature:9&amp;#27;[0m
  &amp;#27;[32mGiven &amp;#27;[0m&amp;#27;[32mJose wants to have an account&amp;#27;[0m                     &amp;#27;[90m# framework.stepdefinitions.SignUpStepDefs.jose_wants_to_have_an_account()&amp;#27;[0m
  &amp;#27;[32mWhen &amp;#27;[0m&amp;#27;[32mhe sends required information to get the account&amp;#27;[0m   &amp;#27;[90m# framework.stepdefinitions.SignUpStepDefs.he_sends_required_information_to_get_the_account()&amp;#27;[0m
  &amp;#27;[31mThen &amp;#27;[0m&amp;#27;[31mhe should be told that the account was not created&amp;#27;[0m &amp;#27;[90m# framework.stepdefinitions.SignUpStepDefs.he_should_be_told_that_the_account_was_not_created()&amp;#27;[0m
      &amp;#27;[31morg.junit.ComparisonFailure: expected:&lt;[fals]e&gt; but was:&lt;[tru]e&gt;
	at sun.reflect.NativeConstructorAccessorImpl.newInstance0(Native Method)
	at sun.reflect.NativeConstructorAccessorImpl.newInstance(NativeConstructorAccessorImpl.java:62)
	at sun.reflect.DelegatingConstructorAccessorImpl.newInstance(DelegatingConstructorAccessorImpl.java:45)
	at framework.stepdefinitions.SignUpStepDefs.he_should_be_told_that_the_account_was_not_created(SignUpStepDefs.java:57)
	at ?.he should be told that the account was not created(file:///C:/Users/membr/IdeaProjects/selenium-Framework/src/test/resources/features/signup.feature:12)
&amp;#27;[0m

    Embedding e8b89816-e1cb-43f4-9291-be8bb3c80f9a [image/png 52066 bytes]

</system-out>
    <system-err>may 19, 2021 12:45:15 PM org.springframework.test.context.support.DefaultTestContextBootstrapper getDefaultTestExecutionListenerClassNames
INFORMACIÓN: Loaded default TestExecutionListener class names from location [META-INF/spring.factories]: [org.springframework.test.context.web.ServletTestExecutionListener, org.springframework.test.context.support.DirtiesContextBeforeModesTestExecutionListener, org.springframework.test.context.support.DependencyInjectionTestExecutionListener, org.springframework.test.context.support.DirtiesContextTestExecutionListener, org.springframework.test.context.transaction.TransactionalTestExecutionListener, org.springframework.test.context.jdbc.SqlScriptsTestExecutionListener]
may 19, 2021 12:45:15 PM org.springframework.test.context.support.DefaultTestContextBootstrapper getTestExecutionListeners
INFORMACIÓN: Using TestExecutionListeners: [org.springframework.test.context.support.DirtiesContextBeforeModesTestExecutionListener@5438c17a, org.springframework.test.context.support.DependencyInjectionTestExecutionListener@b9d018b, org.springframework.test.context.support.DirtiesContextTestExecutionListener@429aeac1]
may 19, 2021 12:45:15 PM org.springframework.beans.factory.support.DefaultListableBeanFactory registerScope
INFORMACIÓN: Replacing scope &apos;cucumber-glue&apos; from [io.cucumber.spring.GlueCodeScope@6b4fc2d1] to [io.cucumber.spring.GlueCodeScope@8bd076a]
</system-err>
  </testcase>
</testsuite>